<?xml version="1.0" encoding="UTF-8"?>
<coverage generated="1768792883758" clover="3.2.0">
  <project timestamp="1768792883758" name="All files">
    <metrics statements="180" coveredstatements="125" conditionals="41" coveredconditionals="28" methods="59" coveredmethods="39" elements="280" coveredelements="192" complexity="0" loc="180" ncloc="180" packages="10" files="27" classes="27"/>
    <package name="src">
      <metrics statements="2" coveredstatements="0" conditionals="0" coveredconditionals="0" methods="0" coveredmethods="0"/>
      <file name="env.ts" path="/home/pedro-gimenez/Codes/cosmosfeed/cosmos-feed/src/env.ts">
        <metrics statements="2" coveredstatements="0" conditionals="0" coveredconditionals="0" methods="0" coveredmethods="0"/>
        <line num="1" count="0" type="stmt"/>
        <line num="3" count="0" type="stmt"/>
      </file>
    </package>
    <package name="src.components.ArticleCard">
      <metrics statements="3" coveredstatements="3" conditionals="2" coveredconditionals="2" methods="1" coveredmethods="1"/>
      <file name="ArticleCard.styles.ts" path="/home/pedro-gimenez/Codes/cosmosfeed/cosmos-feed/src/components/ArticleCard/ArticleCard.styles.ts">
        <metrics statements="1" coveredstatements="1" conditionals="0" coveredconditionals="0" methods="0" coveredmethods="0"/>
        <line num="4" count="3" type="stmt"/>
      </file>
      <file name="ArticleCard.tsx" path="/home/pedro-gimenez/Codes/cosmosfeed/cosmos-feed/src/components/ArticleCard/ArticleCard.tsx">
        <metrics statements="2" coveredstatements="2" conditionals="2" coveredconditionals="2" methods="1" coveredmethods="1"/>
        <line num="11" count="47" type="stmt"/>
        <line num="16" count="47" type="stmt"/>
      </file>
      <file name="ArticleCard.types.ts" path="/home/pedro-gimenez/Codes/cosmosfeed/cosmos-feed/src/components/ArticleCard/ArticleCard.types.ts">
        <metrics statements="0" coveredstatements="0" conditionals="0" coveredconditionals="0" methods="0" coveredmethods="0"/>
      </file>
    </package>
    <package name="src.components.ErrorView">
      <metrics statements="2" coveredstatements="2" conditionals="0" coveredconditionals="0" methods="1" coveredmethods="1"/>
      <file name="ErrorView.styles.ts" path="/home/pedro-gimenez/Codes/cosmosfeed/cosmos-feed/src/components/ErrorView/ErrorView.styles.ts">
        <metrics statements="1" coveredstatements="1" conditionals="0" coveredconditionals="0" methods="0" coveredmethods="0"/>
        <line num="4" count="3" type="stmt"/>
      </file>
      <file name="ErrorView.tsx" path="/home/pedro-gimenez/Codes/cosmosfeed/cosmos-feed/src/components/ErrorView/ErrorView.tsx">
        <metrics statements="1" coveredstatements="1" conditionals="0" coveredconditionals="0" methods="1" coveredmethods="1"/>
        <line num="6" count="7" type="stmt"/>
      </file>
      <file name="ErrorView.types.ts" path="/home/pedro-gimenez/Codes/cosmosfeed/cosmos-feed/src/components/ErrorView/ErrorView.types.ts">
        <metrics statements="0" coveredstatements="0" conditionals="0" coveredconditionals="0" methods="0" coveredmethods="0"/>
      </file>
    </package>
    <package name="src.components.LoadingIndicator">
      <metrics statements="2" coveredstatements="2" conditionals="0" coveredconditionals="0" methods="1" coveredmethods="1"/>
      <file name="LoadingIndicator.styles.ts" path="/home/pedro-gimenez/Codes/cosmosfeed/cosmos-feed/src/components/LoadingIndicator/LoadingIndicator.styles.ts">
        <metrics statements="1" coveredstatements="1" conditionals="0" coveredconditionals="0" methods="0" coveredmethods="0"/>
        <line num="4" count="3" type="stmt"/>
      </file>
      <file name="LoadingIndicator.tsx" path="/home/pedro-gimenez/Codes/cosmosfeed/cosmos-feed/src/components/LoadingIndicator/LoadingIndicator.tsx">
        <metrics statements="1" coveredstatements="1" conditionals="0" coveredconditionals="0" methods="1" coveredmethods="1"/>
        <line num="6" count="18" type="stmt"/>
      </file>
    </package>
    <package name="src.screens.Details">
      <metrics statements="35" coveredstatements="1" conditionals="4" coveredconditionals="0" methods="9" coveredmethods="0"/>
      <file name="DetailsScreen.styles.ts" path="/home/pedro-gimenez/Codes/cosmosfeed/cosmos-feed/src/screens/Details/DetailsScreen.styles.ts">
        <metrics statements="1" coveredstatements="1" conditionals="0" coveredconditionals="0" methods="0" coveredmethods="0"/>
        <line num="4" count="1" type="stmt"/>
      </file>
      <file name="DetailsScreen.tsx" path="/home/pedro-gimenez/Codes/cosmosfeed/cosmos-feed/src/screens/Details/DetailsScreen.tsx">
        <metrics statements="3" coveredstatements="0" conditionals="2" coveredconditionals="0" methods="1" coveredmethods="0"/>
        <line num="7" count="0" type="stmt"/>
        <line num="9" count="0" type="stmt"/>
        <line num="11" count="0" type="stmt"/>
      </file>
      <file name="DetailsScreen.types.ts" path="/home/pedro-gimenez/Codes/cosmosfeed/cosmos-feed/src/screens/Details/DetailsScreen.types.ts">
        <metrics statements="0" coveredstatements="0" conditionals="0" coveredconditionals="0" methods="0" coveredmethods="0"/>
      </file>
      <file name="useDetailsViewModel.ts" path="/home/pedro-gimenez/Codes/cosmosfeed/cosmos-feed/src/screens/Details/useDetailsViewModel.ts">
        <metrics statements="31" coveredstatements="0" conditionals="2" coveredconditionals="0" methods="8" coveredmethods="0"/>
        <line num="20" count="0" type="stmt"/>
        <line num="21" count="0" type="stmt"/>
        <line num="23" count="0" type="stmt"/>
        <line num="24" count="0" type="stmt"/>
        <line num="37" count="0" type="stmt"/>
        <line num="38" count="0" type="stmt"/>
        <line num="39" count="0" type="stmt"/>
        <line num="42" count="0" type="stmt"/>
        <line num="43" count="0" type="stmt"/>
        <line num="44" count="0" type="stmt"/>
        <line num="46" count="0" type="cond" truecount="0" falsecount="2"/>
        <line num="47" count="0" type="stmt"/>
        <line num="48" count="0" type="stmt"/>
        <line num="49" count="0" type="stmt"/>
        <line num="51" count="0" type="stmt"/>
        <line num="52" count="0" type="stmt"/>
        <line num="53" count="0" type="stmt"/>
        <line num="56" count="0" type="stmt"/>
        <line num="60" count="0" type="stmt"/>
        <line num="61" count="0" type="stmt"/>
        <line num="62" count="0" type="stmt"/>
        <line num="63" count="0" type="stmt"/>
        <line num="65" count="0" type="stmt"/>
        <line num="69" count="0" type="stmt"/>
        <line num="70" count="0" type="stmt"/>
        <line num="73" count="0" type="stmt"/>
        <line num="74" count="0" type="stmt"/>
        <line num="75" count="0" type="stmt"/>
        <line num="82" count="0" type="stmt"/>
        <line num="83" count="0" type="stmt"/>
        <line num="86" count="0" type="stmt"/>
      </file>
    </package>
    <package name="src.screens.Favorites">
      <metrics statements="23" coveredstatements="13" conditionals="2" coveredconditionals="0" methods="13" coveredmethods="7"/>
      <file name="FavoritesScreen.styles.ts" path="/home/pedro-gimenez/Codes/cosmosfeed/cosmos-feed/src/screens/Favorites/FavoritesScreen.styles.ts">
        <metrics statements="1" coveredstatements="1" conditionals="0" coveredconditionals="0" methods="0" coveredmethods="0"/>
        <line num="4" count="1" type="stmt"/>
      </file>
      <file name="FavoritesScreen.tsx" path="/home/pedro-gimenez/Codes/cosmosfeed/cosmos-feed/src/screens/Favorites/FavoritesScreen.tsx">
        <metrics statements="10" coveredstatements="0" conditionals="2" coveredconditionals="0" methods="6" coveredmethods="0"/>
        <line num="13" count="0" type="stmt"/>
        <line num="15" count="0" type="stmt"/>
        <line num="17" count="0" type="stmt"/>
        <line num="18" count="0" type="stmt"/>
        <line num="28" count="0" type="stmt"/>
        <line num="29" count="0" type="stmt"/>
        <line num="38" count="0" type="stmt"/>
        <line num="42" count="0" type="stmt"/>
        <line num="44" count="0" type="stmt"/>
        <line num="46" count="0" type="stmt"/>
      </file>
      <file name="FavoritesScreen.types.ts" path="/home/pedro-gimenez/Codes/cosmosfeed/cosmos-feed/src/screens/Favorites/FavoritesScreen.types.ts">
        <metrics statements="0" coveredstatements="0" conditionals="0" coveredconditionals="0" methods="0" coveredmethods="0"/>
      </file>
      <file name="useFavoritesViewModel.ts" path="/home/pedro-gimenez/Codes/cosmosfeed/cosmos-feed/src/screens/Favorites/useFavoritesViewModel.ts">
        <metrics statements="12" coveredstatements="12" conditionals="0" coveredconditionals="0" methods="7" coveredmethods="7"/>
        <line num="7" count="1" type="stmt"/>
        <line num="8" count="360938" type="stmt"/>
        <line num="13" count="360938" type="stmt"/>
        <line num="14" count="360941" type="stmt"/>
        <line num="15" count="360941" type="stmt"/>
        <line num="18" count="360938" type="stmt"/>
        <line num="19" count="2" type="stmt"/>
        <line num="20" count="2" type="stmt"/>
        <line num="21" count="2" type="stmt"/>
        <line num="24" count="360938" type="stmt"/>
        <line num="26" count="360938" type="stmt"/>
        <line num="30" count="360938" type="stmt"/>
      </file>
    </package>
    <package name="src.screens.Home">
      <metrics statements="42" coveredstatements="35" conditionals="13" coveredconditionals="10" methods="19" coveredmethods="14"/>
      <file name="HomeScreen.styles.ts" path="/home/pedro-gimenez/Codes/cosmosfeed/cosmos-feed/src/screens/Home/HomeScreen.styles.ts">
        <metrics statements="1" coveredstatements="1" conditionals="0" coveredconditionals="0" methods="0" coveredmethods="0"/>
        <line num="4" count="2" type="stmt"/>
      </file>
      <file name="HomeScreen.tsx" path="/home/pedro-gimenez/Codes/cosmosfeed/cosmos-feed/src/screens/Home/HomeScreen.tsx">
        <metrics statements="15" coveredstatements="12" conditionals="6" coveredconditionals="5" methods="6" coveredmethods="4"/>
        <line num="16" count="23" type="stmt"/>
        <line num="26" count="23" type="stmt"/>
        <line num="28" count="23" type="stmt"/>
        <line num="29" count="0" type="stmt"/>
        <line num="39" count="23" type="stmt"/>
        <line num="40" count="6" type="cond" truecount="1" falsecount="1"/>
        <line num="41" count="0" type="stmt"/>
        <line num="48" count="23" type="cond" truecount="2" falsecount="0"/>
        <line num="49" count="15" type="stmt"/>
        <line num="52" count="8" type="cond" truecount="2" falsecount="0"/>
        <line num="53" count="2" type="stmt"/>
        <line num="56" count="6" type="stmt"/>
        <line num="60" count="40" type="stmt"/>
        <line num="62" count="28" type="stmt"/>
        <line num="64" count="0" type="stmt"/>
      </file>
      <file name="HomeScreen.types.ts" path="/home/pedro-gimenez/Codes/cosmosfeed/cosmos-feed/src/screens/Home/HomeScreen.types.ts">
        <metrics statements="0" coveredstatements="0" conditionals="0" coveredconditionals="0" methods="0" coveredmethods="0"/>
      </file>
      <file name="useHomeViewModel.ts" path="/home/pedro-gimenez/Codes/cosmosfeed/cosmos-feed/src/screens/Home/useHomeViewModel.ts">
        <metrics statements="26" coveredstatements="22" conditionals="7" coveredconditionals="5" methods="13" coveredmethods="10"/>
        <line num="5" count="1" type="stmt"/>
        <line num="7" count="1" type="stmt"/>
        <line num="8" count="23" type="stmt"/>
        <line num="18" count="23" type="cond" truecount="1" falsecount="0"/>
        <line num="19" count="8" type="stmt"/>
        <line num="20" count="8" type="cond" truecount="1" falsecount="1"/>
        <line num="21" count="0" type="stmt"/>
        <line num="28" count="8" type="stmt"/>
        <line num="31" count="8" type="stmt"/>
        <line num="32" count="5" type="stmt"/>
        <line num="42" count="2" type="stmt"/>
        <line num="51" count="23" type="stmt"/>
        <line num="52" count="1" type="cond" truecount="3" falsecount="1"/>
        <line num="54" count="1" type="stmt"/>
        <line num="55" count="1" type="stmt"/>
        <line num="56" count="1" type="stmt"/>
        <line num="58" count="1" type="stmt"/>
        <line num="66" count="0" type="stmt"/>
        <line num="67" count="0" type="stmt"/>
        <line num="71" count="23" type="stmt"/>
        <line num="72" count="0" type="stmt"/>
        <line num="75" count="23" type="stmt"/>
        <line num="76" count="1" type="stmt"/>
        <line num="79" count="23" type="stmt"/>
        <line num="80" count="7" type="stmt"/>
        <line num="83" count="23" type="stmt"/>
      </file>
    </package>
    <package name="src.services">
      <metrics statements="45" coveredstatements="43" conditionals="18" coveredconditionals="14" methods="9" coveredmethods="9"/>
      <file name="api.ts" path="/home/pedro-gimenez/Codes/cosmosfeed/cosmos-feed/src/services/api.ts">
        <metrics statements="8" coveredstatements="7" conditionals="4" coveredconditionals="3" methods="1" coveredmethods="1"/>
        <line num="4" count="2" type="cond" truecount="1" falsecount="1"/>
        <line num="5" count="0" type="stmt"/>
        <line num="8" count="2" type="stmt"/>
        <line num="28" count="2" type="stmt"/>
        <line num="32" count="5" type="stmt"/>
        <line num="33" count="5" type="stmt"/>
        <line num="40" count="4" type="stmt"/>
        <line num="42" count="1" type="stmt"/>
      </file>
      <file name="share.ts" path="/home/pedro-gimenez/Codes/cosmosfeed/cosmos-feed/src/services/share.ts">
        <metrics statements="12" coveredstatements="12" conditionals="10" coveredconditionals="7" methods="1" coveredmethods="1"/>
        <line num="4" count="4" type="stmt"/>
        <line num="5" count="7" type="stmt"/>
        <line num="6" count="7" type="stmt"/>
        <line num="8" count="7" type="stmt"/>
        <line num="20" count="6" type="cond" truecount="2" falsecount="0"/>
        <line num="21" count="5" type="cond" truecount="2" falsecount="0"/>
        <line num="22" count="1" type="stmt"/>
        <line num="24" count="4" type="stmt"/>
        <line num="26" count="1" type="cond" truecount="1" falsecount="1"/>
        <line num="27" count="1" type="stmt"/>
        <line num="30" count="1" type="stmt"/>
        <line num="31" count="1" type="stmt"/>
      </file>
      <file name="storage.ts" path="/home/pedro-gimenez/Codes/cosmosfeed/cosmos-feed/src/services/storage.ts">
        <metrics statements="25" coveredstatements="24" conditionals="4" coveredconditionals="4" methods="7" coveredmethods="7"/>
        <line num="4" count="5" type="stmt"/>
        <line num="6" count="5" type="stmt"/>
        <line num="7" count="4" type="stmt"/>
        <line num="8" count="4" type="stmt"/>
        <line num="9" count="4" type="stmt"/>
        <line num="11" count="4" type="cond" truecount="2" falsecount="0"/>
        <line num="12" count="3" type="stmt"/>
        <line num="13" count="3" type="stmt"/>
        <line num="19" count="1" type="stmt"/>
        <line num="23" count="5" type="stmt"/>
        <line num="24" count="3" type="stmt"/>
        <line num="25" count="3" type="stmt"/>
        <line num="26" count="4" type="stmt"/>
        <line num="27" count="3" type="stmt"/>
        <line num="32" count="1" type="stmt"/>
        <line num="36" count="5" type="stmt"/>
        <line num="37" count="15" type="stmt"/>
        <line num="38" count="15" type="stmt"/>
        <line num="39" count="13" type="cond" truecount="2" falsecount="0"/>
        <line num="41" count="2" type="stmt"/>
        <line num="45" count="5" type="stmt"/>
        <line num="46" count="4" type="stmt"/>
        <line num="47" count="4" type="stmt"/>
        <line num="48" count="4" type="stmt"/>
        <line num="50" count="0" type="stmt"/>
      </file>
    </package>
    <package name="src.styles">
      <metrics statements="1" coveredstatements="1" conditionals="0" coveredconditionals="0" methods="0" coveredmethods="0"/>
      <file name="theme.ts" path="/home/pedro-gimenez/Codes/cosmosfeed/cosmos-feed/src/styles/theme.ts">
        <metrics statements="1" coveredstatements="1" conditionals="0" coveredconditionals="0" methods="0" coveredmethods="0"/>
        <line num="1" count="11" type="stmt"/>
      </file>
    </package>
    <package name="src.viewModels">
      <metrics statements="25" coveredstatements="25" conditionals="2" coveredconditionals="2" methods="6" coveredmethods="6"/>
      <file name="useArticleActions.ts" path="/home/pedro-gimenez/Codes/cosmosfeed/cosmos-feed/src/viewModels/useArticleActions.ts">
        <metrics statements="25" coveredstatements="25" conditionals="2" coveredconditionals="2" methods="6" coveredmethods="6"/>
        <line num="8" count="3" type="stmt"/>
        <line num="12" count="68" type="stmt"/>
        <line num="14" count="68" type="stmt"/>
        <line num="15" count="102" type="stmt"/>
        <line num="16" count="102" type="stmt"/>
        <line num="19" count="68" type="stmt"/>
        <line num="20" count="8" type="stmt"/>
        <line num="21" count="8" type="cond" truecount="2" falsecount="0"/>
        <line num="22" count="2" type="stmt"/>
        <line num="23" count="2" type="stmt"/>
        <line num="24" count="2" type="stmt"/>
        <line num="26" count="6" type="stmt"/>
        <line num="27" count="4" type="stmt"/>
        <line num="28" count="4" type="stmt"/>
        <line num="31" count="6" type="stmt"/>
        <line num="33" count="2" type="stmt"/>
        <line num="37" count="68" type="stmt"/>
        <line num="38" count="4" type="stmt"/>
        <line num="39" count="4" type="stmt"/>
        <line num="41" count="2" type="stmt"/>
        <line num="45" count="68" type="stmt"/>
        <line num="46" count="34" type="stmt"/>
        <line num="49" count="68" type="stmt"/>
        <line num="51" count="68" type="stmt"/>
        <line num="55" count="68" type="stmt"/>
      </file>
      <file name="useArticleState.ts" path="/home/pedro-gimenez/Codes/cosmosfeed/cosmos-feed/src/viewModels/useArticleState.ts">
        <metrics statements="0" coveredstatements="0" conditionals="0" coveredconditionals="0" methods="0" coveredmethods="0"/>
      </file>
    </package>
  </project>
</coverage>
