{"/home/pedro-gimenez/Codes/cosmosfeed/cosmos-feed/src/env.ts": {"path":"/home/pedro-gimenez/Codes/cosmosfeed/cosmos-feed/src/env.ts","statementMap":{"0":{"start":{"line":1,"column":12},"end":{"line":1,"column":78}},"1":{"start":{"line":3,"column":44},"end":{"line":3,"column":47}}},"fnMap":{},"branchMap":{},"s":{"0":0,"1":0},"f":{},"b":{}}
,"/home/pedro-gimenez/Codes/cosmosfeed/cosmos-feed/src/components/ArticleCard/ArticleCard.styles.ts": {"path":"/home/pedro-gimenez/Codes/cosmosfeed/cosmos-feed/src/components/ArticleCard/ArticleCard.styles.ts","statementMap":{"0":{"start":{"line":4,"column":22},"end":{"line":59,"column":2}}},"fnMap":{},"branchMap":{},"s":{"0":3},"f":{},"b":{},"_coverageSchema":"1a1c01bbd47fc00a2c39e90264f33305004495a9","hash":"e7decb574794303789c097bb62ceb918f20d537a"}
,"/home/pedro-gimenez/Codes/cosmosfeed/cosmos-feed/src/components/ArticleCard/ArticleCard.tsx": {"path":"/home/pedro-gimenez/Codes/cosmosfeed/cosmos-feed/src/components/ArticleCard/ArticleCard.tsx","statementMap":{"0":{"start":{"line":11,"column":47},"end":{"line":14,"column":3}},"1":{"start":{"line":16,"column":2},"end":{"line":47,"column":3}}},"fnMap":{"0":{"name":"ArticleCard","decl":{"start":{"line":6,"column":24},"end":{"line":6,"column":35}},"loc":{"start":{"line":10,"column":21},"end":{"line":48,"column":1}},"line":10}},"branchMap":{"0":{"loc":{"start":{"line":38,"column":47},"end":{"line":38,"column":66}},"type":"cond-expr","locations":[{"start":{"line":38,"column":57},"end":{"line":38,"column":60}},{"start":{"line":38,"column":63},"end":{"line":38,"column":66}}],"line":38}},"s":{"0":47,"1":47},"f":{"0":47},"b":{"0":[6,41]},"_coverageSchema":"1a1c01bbd47fc00a2c39e90264f33305004495a9","hash":"24b9c7979d1708d13aab6d2f67586e393eed1007"}
,"/home/pedro-gimenez/Codes/cosmosfeed/cosmos-feed/src/components/ArticleCard/ArticleCard.types.ts": {"path":"/home/pedro-gimenez/Codes/cosmosfeed/cosmos-feed/src/components/ArticleCard/ArticleCard.types.ts","statementMap":{},"fnMap":{},"branchMap":{},"s":{},"f":{},"b":{}}
,"/home/pedro-gimenez/Codes/cosmosfeed/cosmos-feed/src/components/ErrorView/ErrorView.styles.ts": {"path":"/home/pedro-gimenez/Codes/cosmosfeed/cosmos-feed/src/components/ErrorView/ErrorView.styles.ts","statementMap":{"0":{"start":{"line":4,"column":22},"end":{"line":33,"column":2}}},"fnMap":{},"branchMap":{},"s":{"0":3},"f":{},"b":{},"_coverageSchema":"1a1c01bbd47fc00a2c39e90264f33305004495a9","hash":"11389eff6901794f6d7df53a99eeab8b5617350a"}
,"/home/pedro-gimenez/Codes/cosmosfeed/cosmos-feed/src/components/ErrorView/ErrorView.tsx": {"path":"/home/pedro-gimenez/Codes/cosmosfeed/cosmos-feed/src/components/ErrorView/ErrorView.tsx","statementMap":{"0":{"start":{"line":6,"column":2},"end":{"line":14,"column":3}}},"fnMap":{"0":{"name":"ErrorView","decl":{"start":{"line":5,"column":24},"end":{"line":5,"column":33}},"loc":{"start":{"line":5,"column":72},"end":{"line":15,"column":1}},"line":5}},"branchMap":{},"s":{"0":7},"f":{"0":7},"b":{},"_coverageSchema":"1a1c01bbd47fc00a2c39e90264f33305004495a9","hash":"77331ad81825e0fb2726a72deaaecd5e623a0b9f"}
,"/home/pedro-gimenez/Codes/cosmosfeed/cosmos-feed/src/components/ErrorView/ErrorView.types.ts": {"path":"/home/pedro-gimenez/Codes/cosmosfeed/cosmos-feed/src/components/ErrorView/ErrorView.types.ts","statementMap":{},"fnMap":{},"branchMap":{},"s":{},"f":{},"b":{}}
,"/home/pedro-gimenez/Codes/cosmosfeed/cosmos-feed/src/components/LoadingIndicator/LoadingIndicator.styles.ts": {"path":"/home/pedro-gimenez/Codes/cosmosfeed/cosmos-feed/src/components/LoadingIndicator/LoadingIndicator.styles.ts","statementMap":{"0":{"start":{"line":4,"column":22},"end":{"line":16,"column":2}}},"fnMap":{},"branchMap":{},"s":{"0":3},"f":{},"b":{},"_coverageSchema":"1a1c01bbd47fc00a2c39e90264f33305004495a9","hash":"a18c2a4134e4b6747c8d2f053ca68e3d180eedff"}
,"/home/pedro-gimenez/Codes/cosmosfeed/cosmos-feed/src/components/LoadingIndicator/LoadingIndicator.tsx": {"path":"/home/pedro-gimenez/Codes/cosmosfeed/cosmos-feed/src/components/LoadingIndicator/LoadingIndicator.tsx","statementMap":{"0":{"start":{"line":6,"column":2},"end":{"line":15,"column":3}}},"fnMap":{"0":{"name":"LoadingIndicator","decl":{"start":{"line":5,"column":24},"end":{"line":5,"column":40}},"loc":{"start":{"line":5,"column":43},"end":{"line":16,"column":1}},"line":5}},"branchMap":{},"s":{"0":18},"f":{"0":18},"b":{},"_coverageSchema":"1a1c01bbd47fc00a2c39e90264f33305004495a9","hash":"4a89f97dd1583d00ed84651dcec4802a6c333017"}
,"/home/pedro-gimenez/Codes/cosmosfeed/cosmos-feed/src/screens/Details/DetailsScreen.styles.ts": {"path":"/home/pedro-gimenez/Codes/cosmosfeed/cosmos-feed/src/screens/Details/DetailsScreen.styles.ts","statementMap":{"0":{"start":{"line":4,"column":22},"end":{"line":71,"column":2}}},"fnMap":{},"branchMap":{},"s":{"0":1},"f":{},"b":{},"_coverageSchema":"1a1c01bbd47fc00a2c39e90264f33305004495a9","hash":"c1a96969a9840aa56beb88a7f134aa4d78ef8bb9"}
,"/home/pedro-gimenez/Codes/cosmosfeed/cosmos-feed/src/screens/Details/DetailsScreen.tsx": {"path":"/home/pedro-gimenez/Codes/cosmosfeed/cosmos-feed/src/screens/Details/DetailsScreen.tsx","statementMap":{"0":{"start":{"line":7,"column":61},"end":{"line":7,"column":73}},"1":{"start":{"line":9,"column":4},"end":{"line":9,"column":75}},"2":{"start":{"line":11,"column":2},"end":{"line":52,"column":3}}},"fnMap":{"0":{"name":"DetailsScreen","decl":{"start":{"line":6,"column":24},"end":{"line":6,"column":37}},"loc":{"start":{"line":6,"column":69},"end":{"line":53,"column":1}},"line":6}},"branchMap":{"0":{"loc":{"start":{"line":32,"column":15},"end":{"line":32,"column":45}},"type":"cond-expr","locations":[{"start":{"line":32,"column":25},"end":{"line":32,"column":34}},{"start":{"line":32,"column":37},"end":{"line":32,"column":45}}],"line":32}},"s":{"0":0,"1":0,"2":0},"f":{"0":0},"b":{"0":[0,0]}}
,"/home/pedro-gimenez/Codes/cosmosfeed/cosmos-feed/src/screens/Details/DetailsScreen.types.ts": {"path":"/home/pedro-gimenez/Codes/cosmosfeed/cosmos-feed/src/screens/Details/DetailsScreen.types.ts","statementMap":{},"fnMap":{},"branchMap":{},"s":{},"f":{},"b":{}}
,"/home/pedro-gimenez/Codes/cosmosfeed/cosmos-feed/src/screens/Details/useDetailsViewModel.ts": {"path":"/home/pedro-gimenez/Codes/cosmosfeed/cosmos-feed/src/screens/Details/useDetailsViewModel.ts","statementMap":{"0":{"start":{"line":20,"column":35},"end":{"line":93,"column":1}},"1":{"start":{"line":21,"column":32},"end":{"line":21,"column":47}},"2":{"start":{"line":23,"column":34},"end":{"line":35,"column":3}},"3":{"start":{"line":24,"column":20},"end":{"line":33,"column":5}},"4":{"start":{"line":37,"column":23},"end":{"line":40,"column":17}},"5":{"start":{"line":38,"column":18},"end":{"line":38,"column":49}},"6":{"start":{"line":39,"column":4},"end":{"line":39,"column":21}},"7":{"start":{"line":42,"column":21},"end":{"line":58,"column":3}},"8":{"start":{"line":43,"column":4},"end":{"line":57,"column":5}},"9":{"start":{"line":44,"column":22},"end":{"line":44,"column":47}},"10":{"start":{"line":46,"column":6},"end":{"line":54,"column":7}},"11":{"start":{"line":47,"column":8},"end":{"line":47,"column":38}},"12":{"start":{"line":48,"column":8},"end":{"line":48,"column":25}},"13":{"start":{"line":49,"column":8},"end":{"line":49,"column":60}},"14":{"start":{"line":51,"column":8},"end":{"line":51,"column":34}},"15":{"start":{"line":52,"column":8},"end":{"line":52,"column":24}},"16":{"start":{"line":53,"column":8},"end":{"line":53,"column":60}},"17":{"start":{"line":56,"column":6},"end":{"line":56,"column":52}},"18":{"start":{"line":60,"column":22},"end":{"line":67,"column":3}},"19":{"start":{"line":61,"column":4},"end":{"line":66,"column":5}},"20":{"start":{"line":62,"column":22},"end":{"line":62,"column":47}},"21":{"start":{"line":63,"column":6},"end":{"line":63,"column":33}},"22":{"start":{"line":65,"column":6},"end":{"line":65,"column":53}},"23":{"start":{"line":69,"column":25},"end":{"line":71,"column":3}},"24":{"start":{"line":70,"column":4},"end":{"line":70,"column":31}},"25":{"start":{"line":73,"column":21},"end":{"line":80,"column":3}},"26":{"start":{"line":74,"column":17},"end":{"line":74,"column":37}},"27":{"start":{"line":75,"column":4},"end":{"line":79,"column":6}},"28":{"start":{"line":82,"column":2},"end":{"line":84,"column":20}},"29":{"start":{"line":83,"column":4},"end":{"line":83,"column":18}},"30":{"start":{"line":86,"column":2},"end":{"line":92,"column":3}}},"fnMap":{"0":{"name":"(anonymous_0)","decl":{"start":{"line":20,"column":35},"end":{"line":20,"column":36}},"loc":{"start":{"line":20,"column":74},"end":{"line":93,"column":1}},"line":20},"1":{"name":"(anonymous_1)","decl":{"start":{"line":24,"column":4},"end":{"line":24,"column":5}},"loc":{"start":{"line":24,"column":20},"end":{"line":33,"column":5}},"line":24},"2":{"name":"(anonymous_2)","decl":{"start":{"line":37,"column":35},"end":{"line":37,"column":36}},"loc":{"start":{"line":37,"column":47},"end":{"line":40,"column":3}},"line":37},"3":{"name":"(anonymous_3)","decl":{"start":{"line":42,"column":21},"end":{"line":42,"column":22}},"loc":{"start":{"line":42,"column":33},"end":{"line":58,"column":3}},"line":42},"4":{"name":"(anonymous_4)","decl":{"start":{"line":60,"column":22},"end":{"line":60,"column":23}},"loc":{"start":{"line":60,"column":34},"end":{"line":67,"column":3}},"line":60},"5":{"name":"(anonymous_5)","decl":{"start":{"line":69,"column":25},"end":{"line":69,"column":26}},"loc":{"start":{"line":69,"column":31},"end":{"line":71,"column":3}},"line":69},"6":{"name":"(anonymous_6)","decl":{"start":{"line":73,"column":21},"end":{"line":73,"column":22}},"loc":{"start":{"line":73,"column":45},"end":{"line":80,"column":3}},"line":73},"7":{"name":"(anonymous_7)","decl":{"start":{"line":82,"column":12},"end":{"line":82,"column":13}},"loc":{"start":{"line":82,"column":18},"end":{"line":84,"column":3}},"line":82}},"branchMap":{"0":{"loc":{"start":{"line":46,"column":6},"end":{"line":54,"column":7}},"type":"if","locations":[{"start":{"line":46,"column":6},"end":{"line":54,"column":7}},{"start":{"line":50,"column":13},"end":{"line":54,"column":7}}],"line":46}},"s":{"0":0,"1":0,"2":0,"3":0,"4":0,"5":0,"6":0,"7":0,"8":0,"9":0,"10":0,"11":0,"12":0,"13":0,"14":0,"15":0,"16":0,"17":0,"18":0,"19":0,"20":0,"21":0,"22":0,"23":0,"24":0,"25":0,"26":0,"27":0,"28":0,"29":0,"30":0},"f":{"0":0,"1":0,"2":0,"3":0,"4":0,"5":0,"6":0,"7":0},"b":{"0":[0,0]}}
,"/home/pedro-gimenez/Codes/cosmosfeed/cosmos-feed/src/screens/Favorites/FavoritesScreen.styles.ts": {"path":"/home/pedro-gimenez/Codes/cosmosfeed/cosmos-feed/src/screens/Favorites/FavoritesScreen.styles.ts","statementMap":{"0":{"start":{"line":4,"column":22},"end":{"line":37,"column":2}}},"fnMap":{},"branchMap":{},"s":{"0":1},"f":{},"b":{},"_coverageSchema":"1a1c01bbd47fc00a2c39e90264f33305004495a9","hash":"f26d90439ede9fec58000eb84c8ea915322ef16b"}
,"/home/pedro-gimenez/Codes/cosmosfeed/cosmos-feed/src/screens/Favorites/FavoritesScreen.tsx": {"path":"/home/pedro-gimenez/Codes/cosmosfeed/cosmos-feed/src/screens/Favorites/FavoritesScreen.tsx","statementMap":{"0":{"start":{"line":13,"column":21},"end":{"line":13,"column":52}},"1":{"start":{"line":15,"column":4},"end":{"line":15,"column":27}},"2":{"start":{"line":17,"column":29},"end":{"line":26,"column":3}},"3":{"start":{"line":18,"column":4},"end":{"line":25,"column":6}},"4":{"start":{"line":28,"column":27},"end":{"line":36,"column":3}},"5":{"start":{"line":29,"column":4},"end":{"line":35,"column":11}},"6":{"start":{"line":38,"column":2},"end":{"line":59,"column":3}},"7":{"start":{"line":42,"column":32},"end":{"line":42,"column":50}},"8":{"start":{"line":44,"column":10},"end":{"line":48,"column":12}},"9":{"start":{"line":46,"column":27},"end":{"line":46,"column":51}}},"fnMap":{"0":{"name":"FavoritesScreen","decl":{"start":{"line":12,"column":24},"end":{"line":12,"column":39}},"loc":{"start":{"line":12,"column":42},"end":{"line":60,"column":1}},"line":12},"1":{"name":"(anonymous_1)","decl":{"start":{"line":17,"column":29},"end":{"line":17,"column":30}},"loc":{"start":{"line":17,"column":51},"end":{"line":26,"column":3}},"line":17},"2":{"name":"(anonymous_2)","decl":{"start":{"line":28,"column":27},"end":{"line":28,"column":28}},"loc":{"start":{"line":29,"column":4},"end":{"line":35,"column":11}},"line":29},"3":{"name":"(anonymous_3)","decl":{"start":{"line":42,"column":22},"end":{"line":42,"column":23}},"loc":{"start":{"line":42,"column":32},"end":{"line":42,"column":50}},"line":42},"4":{"name":"(anonymous_4)","decl":{"start":{"line":43,"column":20},"end":{"line":43,"column":21}},"loc":{"start":{"line":44,"column":10},"end":{"line":48,"column":12}},"line":44},"5":{"name":"(anonymous_5)","decl":{"start":{"line":46,"column":21},"end":{"line":46,"column":22}},"loc":{"start":{"line":46,"column":27},"end":{"line":46,"column":51}},"line":46}},"branchMap":{"0":{"loc":{"start":{"line":51,"column":10},"end":{"line":51,"column":76}},"type":"cond-expr","locations":[{"start":{"line":51,"column":39},"end":{"line":51,"column":55}},{"start":{"line":51,"column":58},"end":{"line":51,"column":76}}],"line":51}},"s":{"0":0,"1":0,"2":0,"3":0,"4":0,"5":0,"6":0,"7":0,"8":0,"9":0},"f":{"0":0,"1":0,"2":0,"3":0,"4":0,"5":0},"b":{"0":[0,0]}}
,"/home/pedro-gimenez/Codes/cosmosfeed/cosmos-feed/src/screens/Favorites/FavoritesScreen.types.ts": {"path":"/home/pedro-gimenez/Codes/cosmosfeed/cosmos-feed/src/screens/Favorites/FavoritesScreen.types.ts","statementMap":{},"fnMap":{},"branchMap":{},"s":{},"f":{},"b":{}}
,"/home/pedro-gimenez/Codes/cosmosfeed/cosmos-feed/src/screens/Favorites/useFavoritesViewModel.ts": {"path":"/home/pedro-gimenez/Codes/cosmosfeed/cosmos-feed/src/screens/Favorites/useFavoritesViewModel.ts","statementMap":{"0":{"start":{"line":7,"column":37},"end":{"line":35,"column":1}},"1":{"start":{"line":8,"column":28},"end":{"line":11,"column":4}},"2":{"start":{"line":13,"column":28},"end":{"line":16,"column":8}},"3":{"start":{"line":14,"column":21},"end":{"line":14,"column":45}},"4":{"start":{"line":15,"column":4},"end":{"line":15,"column":62}},"5":{"start":{"line":15,"column":24},"end":{"line":15,"column":60}},"6":{"start":{"line":18,"column":24},"end":{"line":22,"column":25}},"7":{"start":{"line":19,"column":4},"end":{"line":19,"column":55}},"8":{"start":{"line":19,"column":24},"end":{"line":19,"column":53}},"9":{"start":{"line":20,"column":4},"end":{"line":20,"column":29}},"10":{"start":{"line":21,"column":4},"end":{"line":21,"column":56}},"11":{"start":{"line":21,"column":24},"end":{"line":21,"column":54}},"12":{"start":{"line":24,"column":2},"end":{"line":28,"column":3}},"13":{"start":{"line":26,"column":6},"end":{"line":26,"column":25}},"14":{"start":{"line":30,"column":2},"end":{"line":34,"column":3}}},"fnMap":{"0":{"name":"(anonymous_0)","decl":{"start":{"line":7,"column":37},"end":{"line":7,"column":38}},"loc":{"start":{"line":7,"column":43},"end":{"line":35,"column":1}},"line":7},"1":{"name":"(anonymous_1)","decl":{"start":{"line":13,"column":40},"end":{"line":13,"column":41}},"loc":{"start":{"line":13,"column":52},"end":{"line":16,"column":3}},"line":13},"2":{"name":"(anonymous_2)","decl":{"start":{"line":15,"column":13},"end":{"line":15,"column":14}},"loc":{"start":{"line":15,"column":24},"end":{"line":15,"column":60}},"line":15},"3":{"name":"(anonymous_3)","decl":{"start":{"line":18,"column":36},"end":{"line":18,"column":37}},"loc":{"start":{"line":18,"column":48},"end":{"line":22,"column":3}},"line":18},"4":{"name":"(anonymous_4)","decl":{"start":{"line":19,"column":13},"end":{"line":19,"column":14}},"loc":{"start":{"line":19,"column":24},"end":{"line":19,"column":53}},"line":19},"5":{"name":"(anonymous_5)","decl":{"start":{"line":21,"column":13},"end":{"line":21,"column":14}},"loc":{"start":{"line":21,"column":24},"end":{"line":21,"column":54}},"line":21},"6":{"name":"(anonymous_6)","decl":{"start":{"line":25,"column":16},"end":{"line":25,"column":17}},"loc":{"start":{"line":25,"column":22},"end":{"line":27,"column":5}},"line":25}},"branchMap":{},"s":{"0":1,"1":360938,"2":360938,"3":360941,"4":360941,"5":360936,"6":360938,"7":2,"8":2,"9":2,"10":2,"11":2,"12":360938,"13":360938,"14":360938},"f":{"0":360938,"1":360941,"2":360936,"3":2,"4":2,"5":2,"6":360938},"b":{},"_coverageSchema":"1a1c01bbd47fc00a2c39e90264f33305004495a9","hash":"71884e1c9688c891161a3fab385c71fe9ac5f19e"}
,"/home/pedro-gimenez/Codes/cosmosfeed/cosmos-feed/src/screens/Home/HomeScreen.styles.ts": {"path":"/home/pedro-gimenez/Codes/cosmosfeed/cosmos-feed/src/screens/Home/HomeScreen.styles.ts","statementMap":{"0":{"start":{"line":4,"column":22},"end":{"line":16,"column":2}}},"fnMap":{},"branchMap":{},"s":{"0":2},"f":{},"b":{},"_coverageSchema":"1a1c01bbd47fc00a2c39e90264f33305004495a9","hash":"684bf6570487eba592ac881427fb5896efaaf4b6"}
,"/home/pedro-gimenez/Codes/cosmosfeed/cosmos-feed/src/screens/Home/HomeScreen.tsx": {"path":"/home/pedro-gimenez/Codes/cosmosfeed/cosmos-feed/src/screens/Home/HomeScreen.tsx","statementMap":{"0":{"start":{"line":16,"column":21},"end":{"line":16,"column":52}},"1":{"start":{"line":26,"column":6},"end":{"line":26,"column":24}},"2":{"start":{"line":28,"column":29},"end":{"line":37,"column":3}},"3":{"start":{"line":29,"column":4},"end":{"line":36,"column":6}},"4":{"start":{"line":39,"column":23},"end":{"line":46,"column":3}},"5":{"start":{"line":40,"column":4},"end":{"line":40,"column":33}},"6":{"start":{"line":40,"column":22},"end":{"line":40,"column":33}},"7":{"start":{"line":41,"column":4},"end":{"line":45,"column":5}},"8":{"start":{"line":48,"column":2},"end":{"line":50,"column":3}},"9":{"start":{"line":49,"column":4},"end":{"line":49,"column":31}},"10":{"start":{"line":52,"column":2},"end":{"line":54,"column":3}},"11":{"start":{"line":53,"column":4},"end":{"line":53,"column":62}},"12":{"start":{"line":56,"column":2},"end":{"line":76,"column":3}},"13":{"start":{"line":60,"column":32},"end":{"line":60,"column":50}},"14":{"start":{"line":62,"column":10},"end":{"line":65,"column":12}},"15":{"start":{"line":64,"column":27},"end":{"line":64,"column":51}}},"fnMap":{"0":{"name":"HomeScreen","decl":{"start":{"line":15,"column":24},"end":{"line":15,"column":34}},"loc":{"start":{"line":15,"column":37},"end":{"line":77,"column":1}},"line":15},"1":{"name":"(anonymous_1)","decl":{"start":{"line":28,"column":29},"end":{"line":28,"column":30}},"loc":{"start":{"line":28,"column":51},"end":{"line":37,"column":3}},"line":28},"2":{"name":"(anonymous_2)","decl":{"start":{"line":39,"column":23},"end":{"line":39,"column":24}},"loc":{"start":{"line":39,"column":29},"end":{"line":46,"column":3}},"line":39},"3":{"name":"(anonymous_3)","decl":{"start":{"line":60,"column":22},"end":{"line":60,"column":23}},"loc":{"start":{"line":60,"column":32},"end":{"line":60,"column":50}},"line":60},"4":{"name":"(anonymous_4)","decl":{"start":{"line":61,"column":20},"end":{"line":61,"column":21}},"loc":{"start":{"line":62,"column":10},"end":{"line":65,"column":12}},"line":62},"5":{"name":"(anonymous_5)","decl":{"start":{"line":64,"column":21},"end":{"line":64,"column":22}},"loc":{"start":{"line":64,"column":27},"end":{"line":64,"column":51}},"line":64}},"branchMap":{"0":{"loc":{"start":{"line":40,"column":4},"end":{"line":40,"column":33}},"type":"if","locations":[{"start":{"line":40,"column":4},"end":{"line":40,"column":33}},{"start":{},"end":{}}],"line":40},"1":{"loc":{"start":{"line":48,"column":2},"end":{"line":50,"column":3}},"type":"if","locations":[{"start":{"line":48,"column":2},"end":{"line":50,"column":3}},{"start":{},"end":{}}],"line":48},"2":{"loc":{"start":{"line":52,"column":2},"end":{"line":54,"column":3}},"type":"if","locations":[{"start":{"line":52,"column":2},"end":{"line":54,"column":3}},{"start":{},"end":{}}],"line":52}},"s":{"0":23,"1":23,"2":23,"3":0,"4":23,"5":6,"6":6,"7":0,"8":23,"9":15,"10":8,"11":2,"12":6,"13":40,"14":28,"15":0},"f":{"0":23,"1":0,"2":6,"3":40,"4":28,"5":0},"b":{"0":[6,0],"1":[15,8],"2":[2,6]},"_coverageSchema":"1a1c01bbd47fc00a2c39e90264f33305004495a9","hash":"6067641730d34543ba623452d145ccff197370a8"}
,"/home/pedro-gimenez/Codes/cosmosfeed/cosmos-feed/src/screens/Home/HomeScreen.types.ts": {"path":"/home/pedro-gimenez/Codes/cosmosfeed/cosmos-feed/src/screens/Home/HomeScreen.types.ts","statementMap":{},"fnMap":{},"branchMap":{},"s":{},"f":{},"b":{}}
,"/home/pedro-gimenez/Codes/cosmosfeed/cosmos-feed/src/screens/Home/useHomeViewModel.ts": {"path":"/home/pedro-gimenez/Codes/cosmosfeed/cosmos-feed/src/screens/Home/useHomeViewModel.ts","statementMap":{"0":{"start":{"line":5,"column":14},"end":{"line":5,"column":16}},"1":{"start":{"line":7,"column":32},"end":{"line":89,"column":1}},"2":{"start":{"line":8,"column":28},"end":{"line":16,"column":4}},"3":{"start":{"line":18,"column":23},"end":{"line":49,"column":8}},"4":{"start":{"line":19,"column":4},"end":{"line":48,"column":5}},"5":{"start":{"line":20,"column":6},"end":{"line":29,"column":7}},"6":{"start":{"line":21,"column":8},"end":{"line":26,"column":11}},"7":{"start":{"line":21,"column":28},"end":{"line":26,"column":9}},"8":{"start":{"line":28,"column":8},"end":{"line":28,"column":56}},"9":{"start":{"line":28,"column":28},"end":{"line":28,"column":54}},"10":{"start":{"line":31,"column":19},"end":{"line":31,"column":48}},"11":{"start":{"line":32,"column":6},"end":{"line":40,"column":9}},"12":{"start":{"line":32,"column":26},"end":{"line":40,"column":7}},"13":{"start":{"line":42,"column":6},"end":{"line":47,"column":9}},"14":{"start":{"line":42,"column":26},"end":{"line":47,"column":7}},"15":{"start":{"line":51,"column":27},"end":{"line":69,"column":54}},"16":{"start":{"line":52,"column":4},"end":{"line":52,"column":51}},"17":{"start":{"line":52,"column":45},"end":{"line":52,"column":51}},"18":{"start":{"line":54,"column":4},"end":{"line":68,"column":5}},"19":{"start":{"line":55,"column":6},"end":{"line":55,"column":58}},"20":{"start":{"line":55,"column":26},"end":{"line":55,"column":56}},"21":{"start":{"line":56,"column":19},"end":{"line":56,"column":59}},"22":{"start":{"line":58,"column":6},"end":{"line":64,"column":9}},"23":{"start":{"line":58,"column":26},"end":{"line":64,"column":7}},"24":{"start":{"line":66,"column":6},"end":{"line":66,"column":56}},"25":{"start":{"line":67,"column":6},"end":{"line":67,"column":59}},"26":{"start":{"line":67,"column":26},"end":{"line":67,"column":57}},"27":{"start":{"line":71,"column":24},"end":{"line":73,"column":20}},"28":{"start":{"line":72,"column":4},"end":{"line":72,"column":22}},"29":{"start":{"line":75,"column":22},"end":{"line":77,"column":20}},"30":{"start":{"line":76,"column":4},"end":{"line":76,"column":18}},"31":{"start":{"line":79,"column":2},"end":{"line":81,"column":20}},"32":{"start":{"line":80,"column":4},"end":{"line":80,"column":18}},"33":{"start":{"line":83,"column":2},"end":{"line":88,"column":3}}},"fnMap":{"0":{"name":"(anonymous_0)","decl":{"start":{"line":7,"column":32},"end":{"line":7,"column":33}},"loc":{"start":{"line":7,"column":38},"end":{"line":89,"column":1}},"line":7},"1":{"name":"(anonymous_1)","decl":{"start":{"line":18,"column":35},"end":{"line":18,"column":36}},"loc":{"start":{"line":18,"column":64},"end":{"line":49,"column":3}},"line":18},"2":{"name":"(anonymous_2)","decl":{"start":{"line":21,"column":17},"end":{"line":21,"column":18}},"loc":{"start":{"line":21,"column":28},"end":{"line":26,"column":9}},"line":21},"3":{"name":"(anonymous_3)","decl":{"start":{"line":28,"column":17},"end":{"line":28,"column":18}},"loc":{"start":{"line":28,"column":28},"end":{"line":28,"column":54}},"line":28},"4":{"name":"(anonymous_4)","decl":{"start":{"line":32,"column":15},"end":{"line":32,"column":16}},"loc":{"start":{"line":32,"column":26},"end":{"line":40,"column":7}},"line":32},"5":{"name":"(anonymous_5)","decl":{"start":{"line":42,"column":15},"end":{"line":42,"column":16}},"loc":{"start":{"line":42,"column":26},"end":{"line":47,"column":7}},"line":42},"6":{"name":"(anonymous_6)","decl":{"start":{"line":51,"column":39},"end":{"line":51,"column":40}},"loc":{"start":{"line":51,"column":51},"end":{"line":69,"column":3}},"line":51},"7":{"name":"(anonymous_7)","decl":{"start":{"line":55,"column":15},"end":{"line":55,"column":16}},"loc":{"start":{"line":55,"column":26},"end":{"line":55,"column":56}},"line":55},"8":{"name":"(anonymous_8)","decl":{"start":{"line":58,"column":15},"end":{"line":58,"column":16}},"loc":{"start":{"line":58,"column":26},"end":{"line":64,"column":7}},"line":58},"9":{"name":"(anonymous_9)","decl":{"start":{"line":67,"column":15},"end":{"line":67,"column":16}},"loc":{"start":{"line":67,"column":26},"end":{"line":67,"column":57}},"line":67},"10":{"name":"(anonymous_10)","decl":{"start":{"line":71,"column":36},"end":{"line":71,"column":37}},"loc":{"start":{"line":71,"column":42},"end":{"line":73,"column":3}},"line":71},"11":{"name":"(anonymous_11)","decl":{"start":{"line":75,"column":34},"end":{"line":75,"column":35}},"loc":{"start":{"line":75,"column":40},"end":{"line":77,"column":3}},"line":75},"12":{"name":"(anonymous_12)","decl":{"start":{"line":79,"column":12},"end":{"line":79,"column":13}},"loc":{"start":{"line":79,"column":18},"end":{"line":81,"column":3}},"line":79}},"branchMap":{"0":{"loc":{"start":{"line":18,"column":42},"end":{"line":18,"column":59}},"type":"default-arg","locations":[{"start":{"line":18,"column":54},"end":{"line":18,"column":59}}],"line":18},"1":{"loc":{"start":{"line":20,"column":6},"end":{"line":29,"column":7}},"type":"if","locations":[{"start":{"line":20,"column":6},"end":{"line":29,"column":7}},{"start":{"line":27,"column":13},"end":{"line":29,"column":7}}],"line":20},"2":{"loc":{"start":{"line":52,"column":4},"end":{"line":52,"column":51}},"type":"if","locations":[{"start":{"line":52,"column":4},"end":{"line":52,"column":51}},{"start":{},"end":{}}],"line":52},"3":{"loc":{"start":{"line":52,"column":8},"end":{"line":52,"column":43}},"type":"binary-expr","locations":[{"start":{"line":52,"column":8},"end":{"line":52,"column":25}},{"start":{"line":52,"column":29},"end":{"line":52,"column":43}}],"line":52}},"s":{"0":1,"1":1,"2":23,"3":23,"4":8,"5":8,"6":0,"7":0,"8":8,"9":8,"10":8,"11":5,"12":5,"13":2,"14":2,"15":23,"16":1,"17":0,"18":1,"19":1,"20":1,"21":1,"22":1,"23":1,"24":0,"25":0,"26":0,"27":23,"28":0,"29":23,"30":1,"31":23,"32":7,"33":23},"f":{"0":23,"1":8,"2":0,"3":8,"4":5,"5":2,"6":1,"7":1,"8":1,"9":0,"10":0,"11":1,"12":7},"b":{"0":[8],"1":[0,8],"2":[0,1],"3":[1,1]},"_coverageSchema":"1a1c01bbd47fc00a2c39e90264f33305004495a9","hash":"93166bd3272f20f080847beefc629552ccc924a1"}
,"/home/pedro-gimenez/Codes/cosmosfeed/cosmos-feed/src/services/api.ts": {"path":"/home/pedro-gimenez/Codes/cosmosfeed/cosmos-feed/src/services/api.ts","statementMap":{"0":{"start":{"line":4,"column":0},"end":{"line":6,"column":1}},"1":{"start":{"line":5,"column":2},"end":{"line":5,"column":53}},"2":{"start":{"line":8,"column":21},"end":{"line":8,"column":45}},"3":{"start":{"line":28,"column":29},"end":{"line":44,"column":1}},"4":{"start":{"line":32,"column":2},"end":{"line":43,"column":3}},"5":{"start":{"line":33,"column":21},"end":{"line":38,"column":6}},"6":{"start":{"line":40,"column":4},"end":{"line":40,"column":32}},"7":{"start":{"line":42,"column":4},"end":{"line":42,"column":47}}},"fnMap":{"0":{"name":"(anonymous_0)","decl":{"start":{"line":28,"column":29},"end":{"line":28,"column":30}},"loc":{"start":{"line":31,"column":25},"end":{"line":44,"column":1}},"line":31}},"branchMap":{"0":{"loc":{"start":{"line":4,"column":0},"end":{"line":6,"column":1}},"type":"if","locations":[{"start":{"line":4,"column":0},"end":{"line":6,"column":1}},{"start":{},"end":{}}],"line":4},"1":{"loc":{"start":{"line":29,"column":2},"end":{"line":29,"column":20}},"type":"default-arg","locations":[{"start":{"line":29,"column":18},"end":{"line":29,"column":20}}],"line":29},"2":{"loc":{"start":{"line":30,"column":2},"end":{"line":30,"column":20}},"type":"default-arg","locations":[{"start":{"line":30,"column":19},"end":{"line":30,"column":20}}],"line":30}},"s":{"0":2,"1":0,"2":2,"3":2,"4":5,"5":5,"6":4,"7":1},"f":{"0":5},"b":{"0":[0,2],"1":[4],"2":[4]},"_coverageSchema":"1a1c01bbd47fc00a2c39e90264f33305004495a9","hash":"3fe56e637b516c581e8e51399e8fecb599f5fdf5"}
,"/home/pedro-gimenez/Codes/cosmosfeed/cosmos-feed/src/services/share.ts": {"path":"/home/pedro-gimenez/Codes/cosmosfeed/cosmos-feed/src/services/share.ts","statementMap":{"0":{"start":{"line":4,"column":28},"end":{"line":33,"column":1}},"1":{"start":{"line":5,"column":2},"end":{"line":32,"column":3}},"2":{"start":{"line":6,"column":20},"end":{"line":6,"column":89}},"3":{"start":{"line":8,"column":19},"end":{"line":18,"column":5}},"4":{"start":{"line":20,"column":4},"end":{"line":28,"column":5}},"5":{"start":{"line":21,"column":6},"end":{"line":25,"column":7}},"6":{"start":{"line":22,"column":8},"end":{"line":22,"column":70}},"7":{"start":{"line":24,"column":8},"end":{"line":24,"column":42}},"8":{"start":{"line":26,"column":11},"end":{"line":28,"column":5}},"9":{"start":{"line":27,"column":6},"end":{"line":27,"column":36}},"10":{"start":{"line":30,"column":4},"end":{"line":30,"column":50}},"11":{"start":{"line":31,"column":4},"end":{"line":31,"column":46}}},"fnMap":{"0":{"name":"(anonymous_0)","decl":{"start":{"line":4,"column":28},"end":{"line":4,"column":29}},"loc":{"start":{"line":4,"column":71},"end":{"line":33,"column":1}},"line":4}},"branchMap":{"0":{"loc":{"start":{"line":10,"column":17},"end":{"line":10,"column":58}},"type":"cond-expr","locations":[{"start":{"line":10,"column":41},"end":{"line":10,"column":48}},{"start":{"line":10,"column":51},"end":{"line":10,"column":58}}],"line":10},"1":{"loc":{"start":{"line":11,"column":13},"end":{"line":11,"column":60}},"type":"cond-expr","locations":[{"start":{"line":11,"column":37},"end":{"line":11,"column":48}},{"start":{"line":11,"column":51},"end":{"line":11,"column":60}}],"line":11},"2":{"loc":{"start":{"line":20,"column":4},"end":{"line":28,"column":5}},"type":"if","locations":[{"start":{"line":20,"column":4},"end":{"line":28,"column":5}},{"start":{"line":26,"column":11},"end":{"line":28,"column":5}}],"line":20},"3":{"loc":{"start":{"line":21,"column":6},"end":{"line":25,"column":7}},"type":"if","locations":[{"start":{"line":21,"column":6},"end":{"line":25,"column":7}},{"start":{"line":23,"column":13},"end":{"line":25,"column":7}}],"line":21},"4":{"loc":{"start":{"line":26,"column":11},"end":{"line":28,"column":5}},"type":"if","locations":[{"start":{"line":26,"column":11},"end":{"line":28,"column":5}},{"start":{},"end":{}}],"line":26}},"s":{"0":4,"1":7,"2":7,"3":7,"4":6,"5":5,"6":1,"7":4,"8":1,"9":1,"10":1,"11":1},"f":{"0":7},"b":{"0":[0,7],"1":[0,7],"2":[5,1],"3":[1,4],"4":[1,0]},"_coverageSchema":"1a1c01bbd47fc00a2c39e90264f33305004495a9","hash":"9b86a32afb795b141ec904f03fce2490792376f7"}
,"/home/pedro-gimenez/Codes/cosmosfeed/cosmos-feed/src/services/storage.ts": {"path":"/home/pedro-gimenez/Codes/cosmosfeed/cosmos-feed/src/services/storage.ts","statementMap":{"0":{"start":{"line":4,"column":27},"end":{"line":4,"column":56}},"1":{"start":{"line":6,"column":27},"end":{"line":21,"column":1}},"2":{"start":{"line":7,"column":2},"end":{"line":20,"column":3}},"3":{"start":{"line":8,"column":26},"end":{"line":8,"column":50}},"4":{"start":{"line":9,"column":27},"end":{"line":9,"column":73}},"5":{"start":{"line":9,"column":53},"end":{"line":9,"column":72}},"6":{"start":{"line":11,"column":4},"end":{"line":17,"column":5}},"7":{"start":{"line":12,"column":30},"end":{"line":12,"column":57}},"8":{"start":{"line":13,"column":6},"end":{"line":16,"column":7}},"9":{"start":{"line":19,"column":4},"end":{"line":19,"column":45}},"10":{"start":{"line":23,"column":29},"end":{"line":34,"column":1}},"11":{"start":{"line":24,"column":2},"end":{"line":33,"column":3}},"12":{"start":{"line":25,"column":26},"end":{"line":25,"column":50}},"13":{"start":{"line":26,"column":28},"end":{"line":26,"column":75}},"14":{"start":{"line":26,"column":56},"end":{"line":26,"column":74}},"15":{"start":{"line":27,"column":4},"end":{"line":30,"column":5}},"16":{"start":{"line":32,"column":4},"end":{"line":32,"column":47}},"17":{"start":{"line":36,"column":32},"end":{"line":43,"column":1}},"18":{"start":{"line":37,"column":2},"end":{"line":42,"column":3}},"19":{"start":{"line":38,"column":17},"end":{"line":38,"column":63}},"20":{"start":{"line":39,"column":4},"end":{"line":39,"column":39}},"21":{"start":{"line":41,"column":4},"end":{"line":41,"column":13}},"22":{"start":{"line":45,"column":30},"end":{"line":52,"column":1}},"23":{"start":{"line":46,"column":2},"end":{"line":51,"column":3}},"24":{"start":{"line":47,"column":26},"end":{"line":47,"column":50}},"25":{"start":{"line":48,"column":4},"end":{"line":48,"column":56}},"26":{"start":{"line":48,"column":37},"end":{"line":48,"column":55}},"27":{"start":{"line":50,"column":4},"end":{"line":50,"column":16}}},"fnMap":{"0":{"name":"(anonymous_0)","decl":{"start":{"line":6,"column":27},"end":{"line":6,"column":28}},"loc":{"start":{"line":6,"column":70},"end":{"line":21,"column":1}},"line":6},"1":{"name":"(anonymous_1)","decl":{"start":{"line":9,"column":46},"end":{"line":9,"column":47}},"loc":{"start":{"line":9,"column":53},"end":{"line":9,"column":72}},"line":9},"2":{"name":"(anonymous_2)","decl":{"start":{"line":23,"column":29},"end":{"line":23,"column":30}},"loc":{"start":{"line":23,"column":73},"end":{"line":34,"column":1}},"line":23},"3":{"name":"(anonymous_3)","decl":{"start":{"line":26,"column":49},"end":{"line":26,"column":50}},"loc":{"start":{"line":26,"column":56},"end":{"line":26,"column":74}},"line":26},"4":{"name":"(anonymous_4)","decl":{"start":{"line":36,"column":32},"end":{"line":36,"column":33}},"loc":{"start":{"line":36,"column":64},"end":{"line":43,"column":1}},"line":36},"5":{"name":"(anonymous_5)","decl":{"start":{"line":45,"column":30},"end":{"line":45,"column":31}},"loc":{"start":{"line":45,"column":77},"end":{"line":52,"column":1}},"line":45},"6":{"name":"(anonymous_6)","decl":{"start":{"line":48,"column":30},"end":{"line":48,"column":31}},"loc":{"start":{"line":48,"column":37},"end":{"line":48,"column":55}},"line":48}},"branchMap":{"0":{"loc":{"start":{"line":11,"column":4},"end":{"line":17,"column":5}},"type":"if","locations":[{"start":{"line":11,"column":4},"end":{"line":17,"column":5}},{"start":{},"end":{}}],"line":11},"1":{"loc":{"start":{"line":39,"column":11},"end":{"line":39,"column":39}},"type":"cond-expr","locations":[{"start":{"line":39,"column":18},"end":{"line":39,"column":34}},{"start":{"line":39,"column":37},"end":{"line":39,"column":39}}],"line":39}},"s":{"0":5,"1":5,"2":4,"3":4,"4":4,"5":2,"6":4,"7":3,"8":3,"9":1,"10":5,"11":3,"12":3,"13":3,"14":4,"15":3,"16":1,"17":5,"18":15,"19":15,"20":13,"21":2,"22":5,"23":4,"24":4,"25":4,"26":2,"27":0},"f":{"0":4,"1":2,"2":3,"3":4,"4":15,"5":4,"6":2},"b":{"0":[3,1],"1":[9,4]},"_coverageSchema":"1a1c01bbd47fc00a2c39e90264f33305004495a9","hash":"ee2b8856f2c504955fb252fec3a8725ad2f6269c"}
,"/home/pedro-gimenez/Codes/cosmosfeed/cosmos-feed/src/styles/theme.ts": {"path":"/home/pedro-gimenez/Codes/cosmosfeed/cosmos-feed/src/styles/theme.ts","statementMap":{"0":{"start":{"line":1,"column":21},"end":{"line":64,"column":1}}},"fnMap":{},"branchMap":{},"s":{"0":11},"f":{},"b":{},"_coverageSchema":"1a1c01bbd47fc00a2c39e90264f33305004495a9","hash":"93432b38e5dff9c7d97f095a3cccbf0463bb0c0a"}
,"/home/pedro-gimenez/Codes/cosmosfeed/cosmos-feed/src/viewModels/useArticleActions.ts": {"path":"/home/pedro-gimenez/Codes/cosmosfeed/cosmos-feed/src/viewModels/useArticleActions.ts","statementMap":{"0":{"start":{"line":8,"column":33},"end":{"line":60,"column":1}},"1":{"start":{"line":12,"column":32},"end":{"line":12,"column":47}},"2":{"start":{"line":14,"column":23},"end":{"line":17,"column":18}},"3":{"start":{"line":15,"column":18},"end":{"line":15,"column":50}},"4":{"start":{"line":16,"column":4},"end":{"line":16,"column":21}},"5":{"start":{"line":19,"column":21},"end":{"line":35,"column":3}},"6":{"start":{"line":20,"column":4},"end":{"line":34,"column":5}},"7":{"start":{"line":21,"column":6},"end":{"line":29,"column":7}},"8":{"start":{"line":22,"column":8},"end":{"line":22,"column":39}},"9":{"start":{"line":23,"column":8},"end":{"line":23,"column":25}},"10":{"start":{"line":24,"column":8},"end":{"line":24,"column":60}},"11":{"start":{"line":26,"column":8},"end":{"line":26,"column":34}},"12":{"start":{"line":27,"column":8},"end":{"line":27,"column":24}},"13":{"start":{"line":28,"column":8},"end":{"line":28,"column":60}},"14":{"start":{"line":31,"column":6},"end":{"line":31,"column":22}},"15":{"start":{"line":33,"column":6},"end":{"line":33,"column":52}},"16":{"start":{"line":37,"column":22},"end":{"line":43,"column":3}},"17":{"start":{"line":38,"column":4},"end":{"line":42,"column":5}},"18":{"start":{"line":39,"column":6},"end":{"line":39,"column":33}},"19":{"start":{"line":41,"column":6},"end":{"line":41,"column":53}},"20":{"start":{"line":45,"column":2},"end":{"line":47,"column":20}},"21":{"start":{"line":46,"column":4},"end":{"line":46,"column":18}},"22":{"start":{"line":49,"column":2},"end":{"line":53,"column":3}},"23":{"start":{"line":51,"column":6},"end":{"line":51,"column":20}},"24":{"start":{"line":55,"column":2},"end":{"line":59,"column":3}}},"fnMap":{"0":{"name":"(anonymous_0)","decl":{"start":{"line":8,"column":33},"end":{"line":8,"column":34}},"loc":{"start":{"line":11,"column":5},"end":{"line":60,"column":1}},"line":11},"1":{"name":"(anonymous_1)","decl":{"start":{"line":14,"column":35},"end":{"line":14,"column":36}},"loc":{"start":{"line":14,"column":47},"end":{"line":17,"column":3}},"line":14},"2":{"name":"(anonymous_2)","decl":{"start":{"line":19,"column":21},"end":{"line":19,"column":22}},"loc":{"start":{"line":19,"column":33},"end":{"line":35,"column":3}},"line":19},"3":{"name":"(anonymous_3)","decl":{"start":{"line":37,"column":22},"end":{"line":37,"column":23}},"loc":{"start":{"line":37,"column":34},"end":{"line":43,"column":3}},"line":37},"4":{"name":"(anonymous_4)","decl":{"start":{"line":45,"column":12},"end":{"line":45,"column":13}},"loc":{"start":{"line":45,"column":18},"end":{"line":47,"column":3}},"line":45},"5":{"name":"(anonymous_5)","decl":{"start":{"line":50,"column":16},"end":{"line":50,"column":17}},"loc":{"start":{"line":50,"column":22},"end":{"line":52,"column":5}},"line":50}},"branchMap":{"0":{"loc":{"start":{"line":21,"column":6},"end":{"line":29,"column":7}},"type":"if","locations":[{"start":{"line":21,"column":6},"end":{"line":29,"column":7}},{"start":{"line":25,"column":13},"end":{"line":29,"column":7}}],"line":21}},"s":{"0":3,"1":68,"2":68,"3":102,"4":102,"5":68,"6":8,"7":8,"8":2,"9":2,"10":2,"11":6,"12":4,"13":4,"14":6,"15":2,"16":68,"17":4,"18":4,"19":2,"20":68,"21":34,"22":68,"23":68,"24":68},"f":{"0":68,"1":102,"2":8,"3":4,"4":34,"5":68},"b":{"0":[2,6]},"_coverageSchema":"1a1c01bbd47fc00a2c39e90264f33305004495a9","hash":"efceded554c95f03c70c6f7403382aadacbbaf72"}
,"/home/pedro-gimenez/Codes/cosmosfeed/cosmos-feed/src/viewModels/useArticleState.ts": {"path":"/home/pedro-gimenez/Codes/cosmosfeed/cosmos-feed/src/viewModels/useArticleState.ts","statementMap":{},"fnMap":{},"branchMap":{},"s":{},"f":{},"b":{}}
}
