TN:
SF:src/env.ts
FNF:0
FNH:0
DA:1,0
DA:3,0
LF:2
LH:0
BRF:0
BRH:0
end_of_record
TN:
SF:src/components/ArticleCard/ArticleCard.styles.ts
FNF:0
FNH:0
DA:4,3
LF:1
LH:1
BRF:0
BRH:0
end_of_record
TN:
SF:src/components/ArticleCard/ArticleCard.tsx
FN:6,ArticleCard
FNF:1
FNH:1
FNDA:47,ArticleCard
DA:11,47
DA:16,47
LF:2
LH:2
BRDA:38,0,0,6
BRDA:38,0,1,41
BRF:2
BRH:2
end_of_record
TN:
SF:src/components/ArticleCard/ArticleCard.types.ts
FNF:0
FNH:0
LF:0
LH:0
BRF:0
BRH:0
end_of_record
TN:
SF:src/components/ErrorView/ErrorView.styles.ts
FNF:0
FNH:0
DA:4,3
LF:1
LH:1
BRF:0
BRH:0
end_of_record
TN:
SF:src/components/ErrorView/ErrorView.tsx
FN:5,ErrorView
FNF:1
FNH:1
FNDA:7,ErrorView
DA:6,7
LF:1
LH:1
BRF:0
BRH:0
end_of_record
TN:
SF:src/components/ErrorView/ErrorView.types.ts
FNF:0
FNH:0
LF:0
LH:0
BRF:0
BRH:0
end_of_record
TN:
SF:src/components/LoadingIndicator/LoadingIndicator.styles.ts
FNF:0
FNH:0
DA:4,3
LF:1
LH:1
BRF:0
BRH:0
end_of_record
TN:
SF:src/components/LoadingIndicator/LoadingIndicator.tsx
FN:5,LoadingIndicator
FNF:1
FNH:1
FNDA:18,LoadingIndicator
DA:6,18
LF:1
LH:1
BRF:0
BRH:0
end_of_record
TN:
SF:src/screens/Details/DetailsScreen.styles.ts
FNF:0
FNH:0
DA:4,1
LF:1
LH:1
BRF:0
BRH:0
end_of_record
TN:
SF:src/screens/Details/DetailsScreen.tsx
FN:6,DetailsScreen
FNF:1
FNH:0
FNDA:0,DetailsScreen
DA:7,0
DA:9,0
DA:11,0
LF:3
LH:0
BRDA:32,0,0,0
BRDA:32,0,1,0
BRF:2
BRH:0
end_of_record
TN:
SF:src/screens/Details/DetailsScreen.types.ts
FNF:0
FNH:0
LF:0
LH:0
BRF:0
BRH:0
end_of_record
TN:
SF:src/screens/Details/useDetailsViewModel.ts
FN:20,(anonymous_0)
FN:24,(anonymous_1)
FN:37,(anonymous_2)
FN:42,(anonymous_3)
FN:60,(anonymous_4)
FN:69,(anonymous_5)
FN:73,(anonymous_6)
FN:82,(anonymous_7)
FNF:8
FNH:0
FNDA:0,(anonymous_0)
FNDA:0,(anonymous_1)
FNDA:0,(anonymous_2)
FNDA:0,(anonymous_3)
FNDA:0,(anonymous_4)
FNDA:0,(anonymous_5)
FNDA:0,(anonymous_6)
FNDA:0,(anonymous_7)
DA:20,0
DA:21,0
DA:23,0
DA:24,0
DA:37,0
DA:38,0
DA:39,0
DA:42,0
DA:43,0
DA:44,0
DA:46,0
DA:47,0
DA:48,0
DA:49,0
DA:51,0
DA:52,0
DA:53,0
DA:56,0
DA:60,0
DA:61,0
DA:62,0
DA:63,0
DA:65,0
DA:69,0
DA:70,0
DA:73,0
DA:74,0
DA:75,0
DA:82,0
DA:83,0
DA:86,0
LF:31
LH:0
BRDA:46,0,0,0
BRDA:46,0,1,0
BRF:2
BRH:0
end_of_record
TN:
SF:src/screens/Favorites/FavoritesScreen.styles.ts
FNF:0
FNH:0
DA:4,1
LF:1
LH:1
BRF:0
BRH:0
end_of_record
TN:
SF:src/screens/Favorites/FavoritesScreen.tsx
FN:12,FavoritesScreen
FN:17,(anonymous_1)
FN:28,(anonymous_2)
FN:42,(anonymous_3)
FN:43,(anonymous_4)
FN:46,(anonymous_5)
FNF:6
FNH:0
FNDA:0,FavoritesScreen
FNDA:0,(anonymous_1)
FNDA:0,(anonymous_2)
FNDA:0,(anonymous_3)
FNDA:0,(anonymous_4)
FNDA:0,(anonymous_5)
DA:13,0
DA:15,0
DA:17,0
DA:18,0
DA:28,0
DA:29,0
DA:38,0
DA:42,0
DA:44,0
DA:46,0
LF:10
LH:0
BRDA:51,0,0,0
BRDA:51,0,1,0
BRF:2
BRH:0
end_of_record
TN:
SF:src/screens/Favorites/FavoritesScreen.types.ts
FNF:0
FNH:0
LF:0
LH:0
BRF:0
BRH:0
end_of_record
TN:
SF:src/screens/Favorites/useFavoritesViewModel.ts
FN:7,(anonymous_0)
FN:13,(anonymous_1)
FN:15,(anonymous_2)
FN:18,(anonymous_3)
FN:19,(anonymous_4)
FN:21,(anonymous_5)
FN:25,(anonymous_6)
FNF:7
FNH:7
FNDA:360938,(anonymous_0)
FNDA:360941,(anonymous_1)
FNDA:360936,(anonymous_2)
FNDA:2,(anonymous_3)
FNDA:2,(anonymous_4)
FNDA:2,(anonymous_5)
FNDA:360938,(anonymous_6)
DA:7,1
DA:8,360938
DA:13,360938
DA:14,360941
DA:15,360941
DA:18,360938
DA:19,2
DA:20,2
DA:21,2
DA:24,360938
DA:26,360938
DA:30,360938
LF:12
LH:12
BRF:0
BRH:0
end_of_record
TN:
SF:src/screens/Home/HomeScreen.styles.ts
FNF:0
FNH:0
DA:4,2
LF:1
LH:1
BRF:0
BRH:0
end_of_record
TN:
SF:src/screens/Home/HomeScreen.tsx
FN:15,HomeScreen
FN:28,(anonymous_1)
FN:39,(anonymous_2)
FN:60,(anonymous_3)
FN:61,(anonymous_4)
FN:64,(anonymous_5)
FNF:6
FNH:4
FNDA:23,HomeScreen
FNDA:0,(anonymous_1)
FNDA:6,(anonymous_2)
FNDA:40,(anonymous_3)
FNDA:28,(anonymous_4)
FNDA:0,(anonymous_5)
DA:16,23
DA:26,23
DA:28,23
DA:29,0
DA:39,23
DA:40,6
DA:41,0
DA:48,23
DA:49,15
DA:52,8
DA:53,2
DA:56,6
DA:60,40
DA:62,28
DA:64,0
LF:15
LH:12
BRDA:40,0,0,6
BRDA:40,0,1,0
BRDA:48,1,0,15
BRDA:48,1,1,8
BRDA:52,2,0,2
BRDA:52,2,1,6
BRF:6
BRH:5
end_of_record
TN:
SF:src/screens/Home/HomeScreen.types.ts
FNF:0
FNH:0
LF:0
LH:0
BRF:0
BRH:0
end_of_record
TN:
SF:src/screens/Home/useHomeViewModel.ts
FN:7,(anonymous_0)
FN:18,(anonymous_1)
FN:21,(anonymous_2)
FN:28,(anonymous_3)
FN:32,(anonymous_4)
FN:42,(anonymous_5)
FN:51,(anonymous_6)
FN:55,(anonymous_7)
FN:58,(anonymous_8)
FN:67,(anonymous_9)
FN:71,(anonymous_10)
FN:75,(anonymous_11)
FN:79,(anonymous_12)
FNF:13
FNH:10
FNDA:23,(anonymous_0)
FNDA:8,(anonymous_1)
FNDA:0,(anonymous_2)
FNDA:8,(anonymous_3)
FNDA:5,(anonymous_4)
FNDA:2,(anonymous_5)
FNDA:1,(anonymous_6)
FNDA:1,(anonymous_7)
FNDA:1,(anonymous_8)
FNDA:0,(anonymous_9)
FNDA:0,(anonymous_10)
FNDA:1,(anonymous_11)
FNDA:7,(anonymous_12)
DA:5,1
DA:7,1
DA:8,23
DA:18,23
DA:19,8
DA:20,8
DA:21,0
DA:28,8
DA:31,8
DA:32,5
DA:42,2
DA:51,23
DA:52,1
DA:54,1
DA:55,1
DA:56,1
DA:58,1
DA:66,0
DA:67,0
DA:71,23
DA:72,0
DA:75,23
DA:76,1
DA:79,23
DA:80,7
DA:83,23
LF:26
LH:22
BRDA:18,0,0,8
BRDA:20,1,0,0
BRDA:20,1,1,8
BRDA:52,2,0,0
BRDA:52,2,1,1
BRDA:52,3,0,1
BRDA:52,3,1,1
BRF:7
BRH:5
end_of_record
TN:
SF:src/services/api.ts
FN:28,(anonymous_0)
FNF:1
FNH:1
FNDA:5,(anonymous_0)
DA:4,2
DA:5,0
DA:8,2
DA:28,2
DA:32,5
DA:33,5
DA:40,4
DA:42,1
LF:8
LH:7
BRDA:4,0,0,0
BRDA:4,0,1,2
BRDA:29,1,0,4
BRDA:30,2,0,4
BRF:4
BRH:3
end_of_record
TN:
SF:src/services/share.ts
FN:4,(anonymous_0)
FNF:1
FNH:1
FNDA:7,(anonymous_0)
DA:4,4
DA:5,7
DA:6,7
DA:8,7
DA:20,6
DA:21,5
DA:22,1
DA:24,4
DA:26,1
DA:27,1
DA:30,1
DA:31,1
LF:12
LH:12
BRDA:10,0,0,0
BRDA:10,0,1,7
BRDA:11,1,0,0
BRDA:11,1,1,7
BRDA:20,2,0,5
BRDA:20,2,1,1
BRDA:21,3,0,1
BRDA:21,3,1,4
BRDA:26,4,0,1
BRDA:26,4,1,0
BRF:10
BRH:7
end_of_record
TN:
SF:src/services/storage.ts
FN:6,(anonymous_0)
FN:9,(anonymous_1)
FN:23,(anonymous_2)
FN:26,(anonymous_3)
FN:36,(anonymous_4)
FN:45,(anonymous_5)
FN:48,(anonymous_6)
FNF:7
FNH:7
FNDA:4,(anonymous_0)
FNDA:2,(anonymous_1)
FNDA:3,(anonymous_2)
FNDA:4,(anonymous_3)
FNDA:15,(anonymous_4)
FNDA:4,(anonymous_5)
FNDA:2,(anonymous_6)
DA:4,5
DA:6,5
DA:7,4
DA:8,4
DA:9,4
DA:11,4
DA:12,3
DA:13,3
DA:19,1
DA:23,5
DA:24,3
DA:25,3
DA:26,4
DA:27,3
DA:32,1
DA:36,5
DA:37,15
DA:38,15
DA:39,13
DA:41,2
DA:45,5
DA:46,4
DA:47,4
DA:48,4
DA:50,0
LF:25
LH:24
BRDA:11,0,0,3
BRDA:11,0,1,1
BRDA:39,1,0,9
BRDA:39,1,1,4
BRF:4
BRH:4
end_of_record
TN:
SF:src/styles/theme.ts
FNF:0
FNH:0
DA:1,11
LF:1
LH:1
BRF:0
BRH:0
end_of_record
TN:
SF:src/viewModels/useArticleActions.ts
FN:8,(anonymous_0)
FN:14,(anonymous_1)
FN:19,(anonymous_2)
FN:37,(anonymous_3)
FN:45,(anonymous_4)
FN:50,(anonymous_5)
FNF:6
FNH:6
FNDA:68,(anonymous_0)
FNDA:102,(anonymous_1)
FNDA:8,(anonymous_2)
FNDA:4,(anonymous_3)
FNDA:34,(anonymous_4)
FNDA:68,(anonymous_5)
DA:8,3
DA:12,68
DA:14,68
DA:15,102
DA:16,102
DA:19,68
DA:20,8
DA:21,8
DA:22,2
DA:23,2
DA:24,2
DA:26,6
DA:27,4
DA:28,4
DA:31,6
DA:33,2
DA:37,68
DA:38,4
DA:39,4
DA:41,2
DA:45,68
DA:46,34
DA:49,68
DA:51,68
DA:55,68
LF:25
LH:25
BRDA:21,0,0,2
BRDA:21,0,1,6
BRF:2
BRH:2
end_of_record
TN:
SF:src/viewModels/useArticleState.ts
FNF:0
FNH:0
LF:0
LH:0
BRF:0
BRH:0
end_of_record
